<?xml version="1.0" encoding="UTF-8"?>
<!-- Generated by org.testng.reporters.JUnitReportReporter -->
<testsuite hostname="DESKTOP-IVV148L" failures="0" tests="1" name="testcases.Testcase1" time="0.019" errors="0" timestamp="2023-06-05T22:24:12 IST" skipped="0">
  <testcase classname="testcases.Testcase1" name="testcase1" time="0.019"/>
  <system-out>
    <![CDATA[execute the testcases]]>
  </system-out>
</testsuite> <!-- testcases.Testcase1 -->
